<?xml version="1.0" encoding="UTF-8" ?>
<testsuite failures="0" time="0.019" errors="0" skipped="0" tests="29" name="tictactoe.Board.BoardLogicTest">
  <properties>
[...]
</properties>
  <testcase time="0.001" classname="tictactoe.Board.BoardLogicTest" name="boardIsFull"/>
  <testcase time="0" classname="tictactoe.Board.BoardLogicTest" name="returnsTheCorrectPlayersTurnOnFourByFour"/>
  <testcase time="0.002" classname="tictactoe.Board.BoardLogicTest" name="getVerticalWinCombsForFourByFour"/>
  <testcase time="0" classname="tictactoe.Board.BoardLogicTest" name="hasWinnerIsTrue"/>
  <testcase time="0" classname="tictactoe.Board.BoardLogicTest" name="createWinCombForFourByFour"/>
  <testcase time="0" classname="tictactoe.Board.BoardLogicTest" name="getHorizontalWinCombsForFourByFour"/>
  <testcase time="0" classname="tictactoe.Board.BoardLogicTest" name="SetGameLogicBoard"/>
  <testcase time="0" classname="tictactoe.Board.BoardLogicTest" name="returnsCorrectPlayerTurnDuringGame"/>
  <testcase time="0" classname="tictactoe.Board.BoardLogicTest" name="hasWinnerIsFalse"/>
  <testcase time="0" classname="tictactoe.Board.BoardLogicTest" name="hasWinnerIsFalseForEmptyBoard"/>
  <testcase time="0" classname="tictactoe.Board.BoardLogicTest" name="createWinningCombinations"/>
  <testcase time="0.001" classname="tictactoe.Board.BoardLogicTest" name="gameIsOverWithMoves"/>
  <testcase time="0" classname="tictactoe.Board.BoardLogicTest" name="getHorizontalWinCombsForThreeByThree"/>
  <testcase time="0" classname="tictactoe.Board.BoardLogicTest" name="winnerIsO"/>
  <testcase time="0" classname="tictactoe.Board.BoardLogicTest" name="winnerIsX"/>
  <testcase time="0.001" classname="tictactoe.Board.BoardLogicTest" name="gameIsNotOverWhenTie"/>
  <testcase time="0" classname="tictactoe.Board.BoardLogicTest" name="hasWinnerForFourByFour"/>
  <testcase time="0" classname="tictactoe.Board.BoardLogicTest" name="gameIsOver"/>
  <testcase time="0" classname="tictactoe.Board.BoardLogicTest" name="itIsATie"/>
  <testcase time="0" classname="tictactoe.Board.BoardLogicTest" name="returnsTheCorrectPlayersTurn"/>
  <testcase time="0" classname="tictactoe.Board.BoardLogicTest" name="getsWinnerForFourByFour"/>
  <testcase time="0.001" classname="tictactoe.Board.BoardLogicTest" name="itIsNotTie"/>
  <testcase time="0" classname="tictactoe.Board.BoardLogicTest" name="getDiagonalWinCombsForThreeByThree"/>
  <testcase time="0" classname="tictactoe.Board.BoardLogicTest" name="getVerticalWinCombsForThreeByThree"/>
  <testcase time="0" classname="tictactoe.Board.BoardLogicTest" name="boardIsNotFull"/>
  <testcase time="0" classname="tictactoe.Board.BoardLogicTest" name="shouldNotBeWinner"/>
  <testcase time="0" classname="tictactoe.Board.BoardLogicTest" name="getDiagonalWinCombsForFourByFour"/>
  <testcase time="0" classname="tictactoe.Board.BoardLogicTest" name="gameIsNotOver"/>
  <testcase time="0.001" classname="tictactoe.Board.BoardLogicTest" name="returnsPlayerTwoCorrectPlayerTurnDuringGame"/>
</testsuite>