<?xml version="1.0" encoding="UTF-8" ?>
<testsuite failures="0" time="0.153" errors="0" skipped="0" tests="8" name="tictactoe.Ai.ImpossibleAiTest">
  <properties>
[...]
</properties>
  <testcase time="0.004" classname="tictactoe.Ai.ImpossibleAiTest" name="negascoutGetsForcedLoss"/>
  <testcase time="0.001" classname="tictactoe.Ai.ImpossibleAiTest" name="negascoutReturnsLossNineAfterMove"/>
  <testcase time="0" classname="tictactoe.Ai.ImpossibleAiTest" name="negascoutReturnsZero"/>
  <testcase time="0.001" classname="tictactoe.Ai.ImpossibleAiTest" name="negascoutReturnsNegativeTen"/>
  <testcase time="0.099" classname="tictactoe.Ai.ImpossibleAiTest" name="negascoutMakesGoodMove"/>
  <testcase time="0" classname="tictactoe.Ai.ImpossibleAiTest" name="minimaxReturnsTen"/>
  <testcase time="0" classname="tictactoe.Ai.ImpossibleAiTest" name="findValueReturnsWinningMove"/>
  <testcase time="0.003" classname="tictactoe.Ai.ImpossibleAiTest" name="minimaxMakesSmartMove"/>
</testsuite>